SF:lib/models/favourites.dart
DA:6,6
DA:8,3
DA:9,6
DA:10,3
DA:13,3
DA:14,6
DA:15,3
LF:7
LH:7
end_of_record
SF:lib/screens/favourites_page.dart
DA:6,1
DA:10,1
DA:12,1
DA:13,1
DA:16,1
DA:17,1
DA:18,1
DA:19,2
DA:20,1
DA:21,3
DA:30,1
DA:34,1
DA:36,1
DA:37,1
DA:38,2
DA:40,1
DA:41,4
DA:43,1
DA:45,1
DA:46,3
DA:48,2
LF:21
LH:21
end_of_record
SF:lib/screens/home_page.dart
DA:8,1
DA:12,1
DA:14,1
DA:15,1
DA:20,1
DA:21,1
DA:22,0
DA:28,1
DA:32,2
DA:39,1
DA:43,1
DA:45,1
DA:46,1
DA:47,2
DA:49,1
DA:50,4
DA:52,1
DA:53,2
DA:54,4
DA:57,1
DA:58,3
DA:59,2
DA:60,2
DA:62,2
DA:63,1
DA:64,4
LF:26
LH:25
end_of_record
